<?xml version="1.0" encoding="UTF-8"?>
<!-- Generated by org.testng.reporters.JUnitXMLReporter -->
<testsuite hostname="DESKTOP-DTEVS64" ignored="0" name="Test3" tests="3" failures="0" timestamp="13 Nov 2017 17:01:17 GMT" time="13.517" errors="0">
  <testcase name="launch" time="7.97" classname="testng.Testng_Test"/>
  <testcase name="useridtest" time="3.377" classname="testng.Testng_Test"/>
  <testcase name="close" time="2.146" classname="testng.Testng_Test"/>
</testsuite> <!-- Test3 -->
