<?xml version="1.0" encoding="UTF-8"?>
<!-- Generated by org.testng.reporters.JUnitXMLReporter -->
<testsuite hostname="DESKTOP-DTEVS64" ignored="0" name="Test2" tests="3" failures="0" timestamp="13 Nov 2017 17:01:04 GMT" time="13.779" errors="0">
  <testcase name="launch" time="7.897" classname="testng.Testng_Test"/>
  <testcase name="useridtest" time="3.668" classname="testng.Testng_Test"/>
  <testcase name="close" time="2.195" classname="testng.Testng_Test"/>
</testsuite> <!-- Test2 -->
