<?xml version="1.0" encoding="UTF-8"?>
<!-- Generated by org.testng.reporters.JUnitXMLReporter -->
<testsuite hostname="DESKTOP-DTEVS64" ignored="0" name="Test1" tests="3" failures="0" timestamp="13 Nov 2017 17:00:50 GMT" time="14.738" errors="0">
  <testcase name="launch" time="8.962" classname="testng.Testng_Test"/>
  <testcase name="useridtest" time="3.572" classname="testng.Testng_Test"/>
  <testcase name="close" time="2.143" classname="testng.Testng_Test"/>
</testsuite> <!-- Test1 -->
